MIF/HEX Update report for CPU_chip
Fri Apr 03 02:25:05 2015
Quartus II 32-bit Version 13.0.1 Build 232 06/12/2013 Service Pack 1 SJ Web Edition


---------------------
; Table of Contents ;
---------------------
  1. Legal Notice
  2. MIF/HEX Update Summary
  3. MIF/HEX Update Processed Files
  4. MIF/HEX Update Messages



----------------
; Legal Notice ;
----------------
Copyright (C) 1991-2013 Altera Corporation
Your use of Altera Corporation's design tools, logic functions 
and other software and tools, and its AMPP partner logic 
functions, and any output files from any of the foregoing 
(including device programming or simulation files), and any 
associated documentation or information are expressly subject 
to the terms and conditions of the Altera Program License 
Subscription Agreement, Altera MegaCore Function License 
Agreement, or other applicable license agreement, including, 
without limitation, that your use is for the sole purpose of 
programming logic devices manufactured by Altera and sold by 
Altera or its authorized distributors.  Please refer to the 
applicable agreement for further details.



+---------------------------------------------------------------+
; MIF/HEX Update Summary                                        ;
+-----------------------+---------------------------------------+
; MIF/HEX Update Status ; Successful - Fri Apr 03 02:25:05 2015 ;
; Revision Name         ; CPU_chip                              ;
; Top-level Entity Name ; CPU_chip                              ;
; Family                ; Cyclone IV E                          ;
; Device                ; EP4CE115F29C7                         ;
+-----------------------+---------------------------------------+


+---------------------------------------------------------+
; MIF/HEX Update Processed Files                          ;
+---------------------------------------------------------+
; File Name                                               ;
+---------------------------------------------------------+
; C:/Users/x62865/Documents/EE375/Cpu_chip/P4_Weidman.mif ;
+---------------------------------------------------------+


+-------------------------+
; MIF/HEX Update Messages ;
+-------------------------+
Info: *******************************************************************
Info: Running Quartus II 32-bit MIF/HEX Update
    Info: Version 13.0.1 Build 232 06/12/2013 Service Pack 1 SJ Web Edition
    Info: Processing started: Fri Apr 03 02:25:01 2015
Info: Command: quartus_cdb CPU_chip -c CPU_chip --update_mif
Critical Warning (127004): Memory depth (4096) in the design file differs from memory depth (32768) in the Memory Initialization File "C:/Users/x62865/Documents/EE375/Cpu_chip/P4_Weidman.mif" -- truncated remaining initial content value to fit RAM
Info (39024): Processed the following Memory Initialization File(s)
    Info (39025): Processed Memory Initialization File C:/Users/x62865/Documents/EE375/Cpu_chip/P4_Weidman.mif
Info: Quartus II 32-bit MIF/HEX Update was successful. 0 errors, 1 warning
    Info: Peak virtual memory: 381 megabytes
    Info: Processing ended: Fri Apr 03 02:25:05 2015
    Info: Elapsed time: 00:00:04
    Info: Total CPU time (on all processors): 00:00:03


