Analysis & Synthesis report for cu1c
Fri Mar 13 06:34:31 2015
Quartus II 32-bit Version 13.0.1 Build 232 06/12/2013 Service Pack 1 SJ Web Edition


---------------------
; Table of Contents ;
---------------------
  1. Legal Notice
  2. Analysis & Synthesis Summary
  3. Analysis & Synthesis Settings
  4. Parallel Compilation
  5. Analysis & Synthesis Source Files Read
  6. Analysis & Synthesis Resource Usage Summary
  7. Analysis & Synthesis Resource Utilization by Entity
  8. State Machine - |cu1c|CurrOp
  9. State Machine - |cu1c|CurrState
 10. User-Specified and Inferred Latches
 11. Registers Removed During Synthesis
 12. General Register Statistics
 13. Inverted Register Statistics
 14. Multiplexer Restructuring Statistics (Restructuring Performed)
 15. Elapsed Time Per Partition
 16. Analysis & Synthesis Messages



----------------
; Legal Notice ;
----------------
Copyright (C) 1991-2013 Altera Corporation
Your use of Altera Corporation's design tools, logic functions 
and other software and tools, and its AMPP partner logic 
functions, and any output files from any of the foregoing 
(including device programming or simulation files), and any 
associated documentation or information are expressly subject 
to the terms and conditions of the Altera Program License 
Subscription Agreement, Altera MegaCore Function License 
Agreement, or other applicable license agreement, including, 
without limitation, that your use is for the sole purpose of 
programming logic devices manufactured by Altera and sold by 
Altera or its authorized distributors.  Please refer to the 
applicable agreement for further details.



+--------------------------------------------------------------------------------------+
; Analysis & Synthesis Summary                                                         ;
+------------------------------------+-------------------------------------------------+
; Analysis & Synthesis Status        ; Successful - Fri Mar 13 06:34:31 2015           ;
; Quartus II 32-bit Version          ; 13.0.1 Build 232 06/12/2013 SP 1 SJ Web Edition ;
; Revision Name                      ; cu1c                                            ;
; Top-level Entity Name              ; cu1c                                            ;
; Family                             ; Cyclone IV E                                    ;
; Total logic elements               ; 295                                             ;
;     Total combinational functions  ; 293                                             ;
;     Dedicated logic registers      ; 76                                              ;
; Total registers                    ; 76                                              ;
; Total pins                         ; 73                                              ;
; Total virtual pins                 ; 0                                               ;
; Total memory bits                  ; 0                                               ;
; Embedded Multiplier 9-bit elements ; 0                                               ;
; Total PLLs                         ; 0                                               ;
+------------------------------------+-------------------------------------------------+


+----------------------------------------------------------------------------------------------------------------------+
; Analysis & Synthesis Settings                                                                                        ;
+----------------------------------------------------------------------------+--------------------+--------------------+
; Option                                                                     ; Setting            ; Default Value      ;
+----------------------------------------------------------------------------+--------------------+--------------------+
; Device                                                                     ; EP4CE115F29C7      ;                    ;
; Top-level entity name                                                      ; cu1c               ; cu1c               ;
; Family name                                                                ; Cyclone IV E       ; Cyclone IV GX      ;
; Use smart compilation                                                      ; Off                ; Off                ;
; Enable parallel Assembler and TimeQuest Timing Analyzer during compilation ; On                 ; On                 ;
; Enable compact report table                                                ; Off                ; Off                ;
; Restructure Multiplexers                                                   ; Auto               ; Auto               ;
; Create Debugging Nodes for IP Cores                                        ; Off                ; Off                ;
; Preserve fewer node names                                                  ; On                 ; On                 ;
; Disable OpenCore Plus hardware evaluation                                  ; Off                ; Off                ;
; Verilog Version                                                            ; Verilog_2001       ; Verilog_2001       ;
; VHDL Version                                                               ; VHDL_1993          ; VHDL_1993          ;
; State Machine Processing                                                   ; Auto               ; Auto               ;
; Safe State Machine                                                         ; Off                ; Off                ;
; Extract Verilog State Machines                                             ; On                 ; On                 ;
; Extract VHDL State Machines                                                ; On                 ; On                 ;
; Ignore Verilog initial constructs                                          ; Off                ; Off                ;
; Iteration limit for constant Verilog loops                                 ; 5000               ; 5000               ;
; Iteration limit for non-constant Verilog loops                             ; 250                ; 250                ;
; Add Pass-Through Logic to Inferred RAMs                                    ; On                 ; On                 ;
; Infer RAMs from Raw Logic                                                  ; On                 ; On                 ;
; Parallel Synthesis                                                         ; On                 ; On                 ;
; DSP Block Balancing                                                        ; Auto               ; Auto               ;
; NOT Gate Push-Back                                                         ; On                 ; On                 ;
; Power-Up Don't Care                                                        ; On                 ; On                 ;
; Remove Redundant Logic Cells                                               ; Off                ; Off                ;
; Remove Duplicate Registers                                                 ; On                 ; On                 ;
; Ignore CARRY Buffers                                                       ; Off                ; Off                ;
; Ignore CASCADE Buffers                                                     ; Off                ; Off                ;
; Ignore GLOBAL Buffers                                                      ; Off                ; Off                ;
; Ignore ROW GLOBAL Buffers                                                  ; Off                ; Off                ;
; Ignore LCELL Buffers                                                       ; Off                ; Off                ;
; Ignore SOFT Buffers                                                        ; On                 ; On                 ;
; Limit AHDL Integers to 32 Bits                                             ; Off                ; Off                ;
; Optimization Technique                                                     ; Balanced           ; Balanced           ;
; Carry Chain Length                                                         ; 70                 ; 70                 ;
; Auto Carry Chains                                                          ; On                 ; On                 ;
; Auto Open-Drain Pins                                                       ; On                 ; On                 ;
; Perform WYSIWYG Primitive Resynthesis                                      ; Off                ; Off                ;
; Auto ROM Replacement                                                       ; On                 ; On                 ;
; Auto RAM Replacement                                                       ; On                 ; On                 ;
; Auto DSP Block Replacement                                                 ; On                 ; On                 ;
; Auto Shift Register Replacement                                            ; Auto               ; Auto               ;
; Allow Shift Register Merging across Hierarchies                            ; Auto               ; Auto               ;
; Auto Clock Enable Replacement                                              ; On                 ; On                 ;
; Strict RAM Replacement                                                     ; Off                ; Off                ;
; Allow Synchronous Control Signals                                          ; On                 ; On                 ;
; Force Use of Synchronous Clear Signals                                     ; Off                ; Off                ;
; Auto RAM Block Balancing                                                   ; On                 ; On                 ;
; Auto RAM to Logic Cell Conversion                                          ; Off                ; Off                ;
; Auto Resource Sharing                                                      ; Off                ; Off                ;
; Allow Any RAM Size For Recognition                                         ; Off                ; Off                ;
; Allow Any ROM Size For Recognition                                         ; Off                ; Off                ;
; Allow Any Shift Register Size For Recognition                              ; Off                ; Off                ;
; Use LogicLock Constraints during Resource Balancing                        ; On                 ; On                 ;
; Ignore translate_off and synthesis_off directives                          ; Off                ; Off                ;
; Timing-Driven Synthesis                                                    ; On                 ; On                 ;
; Report Parameter Settings                                                  ; On                 ; On                 ;
; Report Source Assignments                                                  ; On                 ; On                 ;
; Report Connectivity Checks                                                 ; On                 ; On                 ;
; Ignore Maximum Fan-Out Assignments                                         ; Off                ; Off                ;
; Synchronization Register Chain Length                                      ; 2                  ; 2                  ;
; PowerPlay Power Optimization                                               ; Normal compilation ; Normal compilation ;
; HDL message level                                                          ; Level2             ; Level2             ;
; Suppress Register Optimization Related Messages                            ; Off                ; Off                ;
; Number of Removed Registers Reported in Synthesis Report                   ; 5000               ; 5000               ;
; Number of Swept Nodes Reported in Synthesis Report                         ; 5000               ; 5000               ;
; Number of Inverted Registers Reported in Synthesis Report                  ; 100                ; 100                ;
; Clock MUX Protection                                                       ; On                 ; On                 ;
; Auto Gated Clock Conversion                                                ; Off                ; Off                ;
; Block Design Naming                                                        ; Auto               ; Auto               ;
; SDC constraint protection                                                  ; Off                ; Off                ;
; Synthesis Effort                                                           ; Auto               ; Auto               ;
; Shift Register Replacement - Allow Asynchronous Clear Signal               ; On                 ; On                 ;
; Pre-Mapping Resynthesis Optimization                                       ; Off                ; Off                ;
; Analysis & Synthesis Message Level                                         ; Medium             ; Medium             ;
; Disable Register Merging Across Hierarchies                                ; Auto               ; Auto               ;
; Resource Aware Inference For Block RAM                                     ; On                 ; On                 ;
; Synthesis Seed                                                             ; 1                  ; 1                  ;
+----------------------------------------------------------------------------+--------------------+--------------------+


Parallel compilation was disabled, but you have multiple processors available. Enable parallel compilation to reduce compilation time.
+-------------------------------------+
; Parallel Compilation                ;
+----------------------------+--------+
; Processors                 ; Number ;
+----------------------------+--------+
; Number detected on machine ; 4      ;
; Maximum allowed            ; 1      ;
+----------------------------+--------+


+--------------------------------------------------------------------------------------------------------------------------------+
; Analysis & Synthesis Source Files Read                                                                                         ;
+----------------------------------+-----------------+-----------------+-----------------------------------------------+---------+
; File Name with User-Entered Path ; Used in Netlist ; File Type       ; File Name with Absolute Path                  ; Library ;
+----------------------------------+-----------------+-----------------+-----------------------------------------------+---------+
; cu1c.vhd                         ; yes             ; User VHDL File  ; C:/Users/x62865/Documents/EE375/Cu1c/cu1c.vhd ;         ;
+----------------------------------+-----------------+-----------------+-----------------------------------------------+---------+


+---------------------------------------------------------+
; Analysis & Synthesis Resource Usage Summary             ;
+---------------------------------------------+-----------+
; Resource                                    ; Usage     ;
+---------------------------------------------+-----------+
; Estimated Total logic elements              ; 295       ;
;                                             ;           ;
; Total combinational functions               ; 293       ;
; Logic element usage by number of LUT inputs ;           ;
;     -- 4 input functions                    ; 134       ;
;     -- 3 input functions                    ; 43        ;
;     -- <=2 input functions                  ; 116       ;
;                                             ;           ;
; Logic elements by mode                      ;           ;
;     -- normal mode                          ; 233       ;
;     -- arithmetic mode                      ; 60        ;
;                                             ;           ;
; Total registers                             ; 76        ;
;     -- Dedicated logic registers            ; 76        ;
;     -- I/O registers                        ; 0         ;
;                                             ;           ;
; I/O pins                                    ; 73        ;
; Embedded Multiplier 9-bit elements          ; 0         ;
; Maximum fan-out node                        ; clk~input ;
; Maximum fan-out                             ; 76        ;
; Total fan-out                               ; 1388      ;
; Average fan-out                             ; 2.61      ;
+---------------------------------------------+-----------+


+-----------------------------------------------------------------------------------------------------------------------------------------------------------------------------+
; Analysis & Synthesis Resource Utilization by Entity                                                                                                                         ;
+----------------------------+-------------------+--------------+-------------+--------------+---------+-----------+------+--------------+---------------------+--------------+
; Compilation Hierarchy Node ; LC Combinationals ; LC Registers ; Memory Bits ; DSP Elements ; DSP 9x9 ; DSP 18x18 ; Pins ; Virtual Pins ; Full Hierarchy Name ; Library Name ;
+----------------------------+-------------------+--------------+-------------+--------------+---------+-----------+------+--------------+---------------------+--------------+
; |cu1c                      ; 293 (293)         ; 76 (76)      ; 0           ; 0            ; 0       ; 0         ; 73   ; 0            ; |cu1c               ; work         ;
+----------------------------+-------------------+--------------+-------------+--------------+---------+-----------+------+--------------+---------------------+--------------+
Note: For table entries with two numbers listed, the numbers in parentheses indicate the number of resources of the given type used by the specific entity alone. The numbers listed outside of parentheses indicate the total resources of the given type used by the specific entity and all of its sub-entities in the hierarchy.


Encoding Type:  One-Hot
+--------------------------------------------------------------------------------------------------------------------------------------------------------------------------------------------------------------------------------------------------------------------------+
; State Machine - |cu1c|CurrOp                                                                                                                                                                                                                                             ;
+--------------+------------+-------------+------------+------------+-------------+-------------+-------------+-------------+-------------+-----------+-----------+------------+------------+-------------+-----------+-----------+-----------+-------------+--------------+
; Name         ; CurrOp.nop ; CurrOp.subx ; CurrOp.orx ; CurrOp.jmp ; CurrOp.addx ; CurrOp.andx ; CurrOp.notx ; CurrOp.srlx ; CurrOp.sllx ; CurrOp.ld ; CurrOp.st ; CurrOp.hlt ; CurrOp.ret ; CurrOp.addi ; CurrOp.ba ; CurrOp.bn ; CurrOp.bz ; CurrOp.call ; CurrOp.sethi ;
+--------------+------------+-------------+------------+------------+-------------+-------------+-------------+-------------+-------------+-----------+-----------+------------+------------+-------------+-----------+-----------+-----------+-------------+--------------+
; CurrOp.sethi ; 0          ; 0           ; 0          ; 0          ; 0           ; 0           ; 0           ; 0           ; 0           ; 0         ; 0         ; 0          ; 0          ; 0           ; 0         ; 0         ; 0         ; 0           ; 0            ;
; CurrOp.call  ; 0          ; 0           ; 0          ; 0          ; 0           ; 0           ; 0           ; 0           ; 0           ; 0         ; 0         ; 0          ; 0          ; 0           ; 0         ; 0         ; 0         ; 1           ; 1            ;
; CurrOp.bz    ; 0          ; 0           ; 0          ; 0          ; 0           ; 0           ; 0           ; 0           ; 0           ; 0         ; 0         ; 0          ; 0          ; 0           ; 0         ; 0         ; 1         ; 0           ; 1            ;
; CurrOp.bn    ; 0          ; 0           ; 0          ; 0          ; 0           ; 0           ; 0           ; 0           ; 0           ; 0         ; 0         ; 0          ; 0          ; 0           ; 0         ; 1         ; 0         ; 0           ; 1            ;
; CurrOp.ba    ; 0          ; 0           ; 0          ; 0          ; 0           ; 0           ; 0           ; 0           ; 0           ; 0         ; 0         ; 0          ; 0          ; 0           ; 1         ; 0         ; 0         ; 0           ; 1            ;
; CurrOp.addi  ; 0          ; 0           ; 0          ; 0          ; 0           ; 0           ; 0           ; 0           ; 0           ; 0         ; 0         ; 0          ; 0          ; 1           ; 0         ; 0         ; 0         ; 0           ; 1            ;
; CurrOp.ret   ; 0          ; 0           ; 0          ; 0          ; 0           ; 0           ; 0           ; 0           ; 0           ; 0         ; 0         ; 0          ; 1          ; 0           ; 0         ; 0         ; 0         ; 0           ; 1            ;
; CurrOp.hlt   ; 0          ; 0           ; 0          ; 0          ; 0           ; 0           ; 0           ; 0           ; 0           ; 0         ; 0         ; 1          ; 0          ; 0           ; 0         ; 0         ; 0         ; 0           ; 1            ;
; CurrOp.st    ; 0          ; 0           ; 0          ; 0          ; 0           ; 0           ; 0           ; 0           ; 0           ; 0         ; 1         ; 0          ; 0          ; 0           ; 0         ; 0         ; 0         ; 0           ; 1            ;
; CurrOp.ld    ; 0          ; 0           ; 0          ; 0          ; 0           ; 0           ; 0           ; 0           ; 0           ; 1         ; 0         ; 0          ; 0          ; 0           ; 0         ; 0         ; 0         ; 0           ; 1            ;
; CurrOp.sllx  ; 0          ; 0           ; 0          ; 0          ; 0           ; 0           ; 0           ; 0           ; 1           ; 0         ; 0         ; 0          ; 0          ; 0           ; 0         ; 0         ; 0         ; 0           ; 1            ;
; CurrOp.srlx  ; 0          ; 0           ; 0          ; 0          ; 0           ; 0           ; 0           ; 1           ; 0           ; 0         ; 0         ; 0          ; 0          ; 0           ; 0         ; 0         ; 0         ; 0           ; 1            ;
; CurrOp.notx  ; 0          ; 0           ; 0          ; 0          ; 0           ; 0           ; 1           ; 0           ; 0           ; 0         ; 0         ; 0          ; 0          ; 0           ; 0         ; 0         ; 0         ; 0           ; 1            ;
; CurrOp.andx  ; 0          ; 0           ; 0          ; 0          ; 0           ; 1           ; 0           ; 0           ; 0           ; 0         ; 0         ; 0          ; 0          ; 0           ; 0         ; 0         ; 0         ; 0           ; 1            ;
; CurrOp.addx  ; 0          ; 0           ; 0          ; 0          ; 1           ; 0           ; 0           ; 0           ; 0           ; 0         ; 0         ; 0          ; 0          ; 0           ; 0         ; 0         ; 0         ; 0           ; 1            ;
; CurrOp.jmp   ; 0          ; 0           ; 0          ; 1          ; 0           ; 0           ; 0           ; 0           ; 0           ; 0         ; 0         ; 0          ; 0          ; 0           ; 0         ; 0         ; 0         ; 0           ; 1            ;
; CurrOp.orx   ; 0          ; 0           ; 1          ; 0          ; 0           ; 0           ; 0           ; 0           ; 0           ; 0         ; 0         ; 0          ; 0          ; 0           ; 0         ; 0         ; 0         ; 0           ; 1            ;
; CurrOp.subx  ; 0          ; 1           ; 0          ; 0          ; 0           ; 0           ; 0           ; 0           ; 0           ; 0         ; 0         ; 0          ; 0          ; 0           ; 0         ; 0         ; 0         ; 0           ; 1            ;
; CurrOp.nop   ; 1          ; 0           ; 0          ; 0          ; 0           ; 0           ; 0           ; 0           ; 0           ; 0         ; 0         ; 0          ; 0          ; 0           ; 0         ; 0         ; 0         ; 0           ; 1            ;
+--------------+------------+-------------+------------+------------+-------------+-------------+-------------+-------------+-------------+-----------+-----------+------------+------------+-------------+-----------+-----------+-----------+-------------+--------------+


Encoding Type:  One-Hot
+-----------------------------------------------------------------------------------------------------------------------------------------+
; State Machine - |cu1c|CurrState                                                                                                         ;
+---------------------+---------------------+------------------+-------------------+------------------+-----------------+-----------------+
; Name                ; CurrState.WriteBack ; CurrState.Memory ; CurrState.Execute ; CurrState.Decode ; CurrState.Fetch ; CurrState.Reset ;
+---------------------+---------------------+------------------+-------------------+------------------+-----------------+-----------------+
; CurrState.Reset     ; 0                   ; 0                ; 0                 ; 0                ; 0               ; 0               ;
; CurrState.Fetch     ; 0                   ; 0                ; 0                 ; 0                ; 1               ; 1               ;
; CurrState.Decode    ; 0                   ; 0                ; 0                 ; 1                ; 0               ; 1               ;
; CurrState.Execute   ; 0                   ; 0                ; 1                 ; 0                ; 0               ; 1               ;
; CurrState.Memory    ; 0                   ; 1                ; 0                 ; 0                ; 0               ; 1               ;
; CurrState.WriteBack ; 1                   ; 0                ; 0                 ; 0                ; 0               ; 1               ;
+---------------------+---------------------+------------------+-------------------+------------------+-----------------+-----------------+


+----------------------------------------------------------------------------------------------------+
; User-Specified and Inferred Latches                                                                ;
+-----------------------------------------------------+---------------------+------------------------+
; Latch Name                                          ; Latch Enable Signal ; Free of Timing Hazards ;
+-----------------------------------------------------+---------------------+------------------------+
; ctl_wd[0]$latch                                     ; Selector88          ; yes                    ;
; ctl_wd[1]$latch                                     ; Selector88          ; yes                    ;
; ctl_wd[2]$latch                                     ; Selector88          ; yes                    ;
; ctl_wd[3]$latch                                     ; Selector88          ; yes                    ;
; ctl_wd[4]$latch                                     ; Selector88          ; yes                    ;
; ctl_wd[5]$latch                                     ; Selector88          ; yes                    ;
; ctl_wd[6]$latch                                     ; Selector88          ; yes                    ;
; ctl_wd[7]$latch                                     ; Selector88          ; yes                    ;
; ctl_wd[8]$latch                                     ; Selector88          ; yes                    ;
; ctl_wd[9]$latch                                     ; Selector88          ; yes                    ;
; ctl_wd[10]$latch                                    ; Selector88          ; yes                    ;
; ctl_wd[11]$latch                                    ; Selector88          ; yes                    ;
; ctl_wd[12]$latch                                    ; Selector88          ; yes                    ;
; ctl_wd[13]$latch                                    ; Selector88          ; yes                    ;
; ctl_wd[14]$latch                                    ; Selector88          ; yes                    ;
; Number of user-specified and inferred latches = 15  ;                     ;                        ;
+-----------------------------------------------------+---------------------+------------------------+
Note: All latches listed above may not be present at the end of synthesis due to various synthesis optimizations.


+---------------------------------------------------------------------+
; Registers Removed During Synthesis                                  ;
+----------------------------------------+----------------------------+
; Register name                          ; Reason for Removal         ;
+----------------------------------------+----------------------------+
; CurrOffset[8,9,11..15]                 ; Merged with CurrOffset[10] ;
; CurrOp.sllx                            ; Lost fanout                ;
; CurrOp.srlx                            ; Lost fanout                ;
; CurrOp.notx                            ; Lost fanout                ;
; CurrOp.andx                            ; Lost fanout                ;
; CurrOp.addx                            ; Lost fanout                ;
; CurrOp.orx                             ; Lost fanout                ;
; CurrOp.subx                            ; Lost fanout                ;
; CurrOp.nop                             ; Lost fanout                ;
; Total Number of Removed Registers = 15 ;                            ;
+----------------------------------------+----------------------------+


+------------------------------------------------------+
; General Register Statistics                          ;
+----------------------------------------------+-------+
; Statistic                                    ; Value ;
+----------------------------------------------+-------+
; Total registers                              ; 76    ;
; Number of registers using Synchronous Clear  ; 0     ;
; Number of registers using Synchronous Load   ; 16    ;
; Number of registers using Asynchronous Clear ; 76    ;
; Number of registers using Asynchronous Load  ; 0     ;
; Number of registers using Clock Enable       ; 45    ;
; Number of registers using Preset             ; 0     ;
+----------------------------------------------+-------+


+---------------------------------------------------+
; Inverted Register Statistics                      ;
+-----------------------------------------+---------+
; Inverted Register                       ; Fan out ;
+-----------------------------------------+---------+
; CurrSP[1]                               ; 3       ;
; CurrSP[2]                               ; 3       ;
; CurrSP[3]                               ; 3       ;
; CurrSP[4]                               ; 3       ;
; CurrSP[5]                               ; 3       ;
; CurrSP[6]                               ; 3       ;
; CurrSP[7]                               ; 3       ;
; CurrSP[8]                               ; 3       ;
; CurrSP[9]                               ; 3       ;
; CurrSP[10]                              ; 3       ;
; CurrSP[11]                              ; 3       ;
; CurrSP[12]                              ; 3       ;
; CurrSP[13]                              ; 3       ;
; CurrSP[14]                              ; 3       ;
; CurrPC[7]                               ; 5       ;
; Total number of inverted registers = 15 ;         ;
+-----------------------------------------+---------+


+------------------------------------------------------------------------------------------------------------------------------------------+
; Multiplexer Restructuring Statistics (Restructuring Performed)                                                                           ;
+--------------------+-----------+---------------+----------------------+------------------------+------------+----------------------------+
; Multiplexer Inputs ; Bus Width ; Baseline Area ; Area if Restructured ; Saving if Restructured ; Registered ; Example Multiplexer Output ;
+--------------------+-----------+---------------+----------------------+------------------------+------------+----------------------------+
; 7:1                ; 2 bits    ; 8 LEs         ; 4 LEs                ; 4 LEs                  ; Yes        ; |cu1c|CurrSP[0]            ;
; 7:1                ; 14 bits   ; 56 LEs        ; 28 LEs               ; 28 LEs                 ; Yes        ; |cu1c|CurrSP[11]           ;
; 18:1               ; 15 bits   ; 180 LEs       ; 60 LEs               ; 120 LEs                ; Yes        ; |cu1c|CurrPC[11]           ;
; 3:1                ; 8 bits    ; 16 LEs        ; 8 LEs                ; 8 LEs                  ; No         ; |cu1c|const_out            ;
; 3:1                ; 2 bits    ; 4 LEs         ; 4 LEs                ; 0 LEs                  ; No         ; |cu1c|ctl_wd               ;
; 3:1                ; 3 bits    ; 6 LEs         ; 6 LEs                ; 0 LEs                  ; No         ; |cu1c|ctl_wd               ;
; 4:1                ; 7 bits    ; 14 LEs        ; 14 LEs               ; 0 LEs                  ; No         ; |cu1c|NextOp.orx           ;
; 4:1                ; 8 bits    ; 16 LEs        ; 8 LEs                ; 8 LEs                  ; No         ; |cu1c|NextOffset           ;
; 16:1               ; 2 bits    ; 20 LEs        ; 2 LEs                ; 18 LEs                 ; No         ; |cu1c|NextOp               ;
; 4:1                ; 3 bits    ; 6 LEs         ; 3 LEs                ; 3 LEs                  ; No         ; |cu1c|ctl_wd               ;
; 5:1                ; 7 bits    ; 21 LEs        ; 14 LEs               ; 7 LEs                  ; No         ; |cu1c|ctl_wd               ;
+--------------------+-----------+---------------+----------------------+------------------------+------------+----------------------------+


+-------------------------------+
; Elapsed Time Per Partition    ;
+----------------+--------------+
; Partition Name ; Elapsed Time ;
+----------------+--------------+
; Top            ; 00:00:03     ;
+----------------+--------------+


+-------------------------------+
; Analysis & Synthesis Messages ;
+-------------------------------+
Info: *******************************************************************
Info: Running Quartus II 32-bit Analysis & Synthesis
    Info: Version 13.0.1 Build 232 06/12/2013 Service Pack 1 SJ Web Edition
    Info: Processing started: Fri Mar 13 06:34:17 2015
Info: Command: quartus_map --read_settings_files=on --write_settings_files=off cu1c -c cu1c
Warning (20028): Parallel compilation is not licensed and has been disabled
Info (12021): Found 2 design units, including 1 entities, in source file cu1c.vhd
    Info (12022): Found design unit 1: cu1c-behavior
    Info (12023): Found entity 1: cu1c
Info (12127): Elaborating entity "cu1c" for the top level hierarchy
Warning (10631): VHDL Process Statement warning at cu1c.vhd(50): inferring latch(es) for signal or variable "ctl_wd", which holds its previous value in one or more paths through the process
Info (10041): Inferred latch for "ctl_wd[0]" at cu1c.vhd(50)
Info (10041): Inferred latch for "ctl_wd[1]" at cu1c.vhd(50)
Info (10041): Inferred latch for "ctl_wd[2]" at cu1c.vhd(50)
Info (10041): Inferred latch for "ctl_wd[3]" at cu1c.vhd(50)
Info (10041): Inferred latch for "ctl_wd[4]" at cu1c.vhd(50)
Info (10041): Inferred latch for "ctl_wd[5]" at cu1c.vhd(50)
Info (10041): Inferred latch for "ctl_wd[6]" at cu1c.vhd(50)
Info (10041): Inferred latch for "ctl_wd[7]" at cu1c.vhd(50)
Info (10041): Inferred latch for "ctl_wd[8]" at cu1c.vhd(50)
Info (10041): Inferred latch for "ctl_wd[9]" at cu1c.vhd(50)
Info (10041): Inferred latch for "ctl_wd[10]" at cu1c.vhd(50)
Info (10041): Inferred latch for "ctl_wd[11]" at cu1c.vhd(50)
Info (10041): Inferred latch for "ctl_wd[12]" at cu1c.vhd(50)
Info (10041): Inferred latch for "ctl_wd[13]" at cu1c.vhd(50)
Info (10041): Inferred latch for "ctl_wd[14]" at cu1c.vhd(50)
Warning (13012): Latch ctl_wd[0]$latch has unsafe behavior
    Warning (13013): Ports D and ENA on the latch are fed by the same signal CurrIR[15]
Warning (13012): Latch ctl_wd[1]$latch has unsafe behavior
    Warning (13013): Ports D and ENA on the latch are fed by the same signal CurrIR[15]
Warning (13012): Latch ctl_wd[2]$latch has unsafe behavior
    Warning (13013): Ports D and ENA on the latch are fed by the same signal CurrIR[15]
Warning (13012): Latch ctl_wd[3]$latch has unsafe behavior
    Warning (13013): Ports D and ENA on the latch are fed by the same signal CurrIR[15]
Warning (13012): Latch ctl_wd[4]$latch has unsafe behavior
    Warning (13013): Ports D and ENA on the latch are fed by the same signal CurrIR[15]
Warning (13012): Latch ctl_wd[5]$latch has unsafe behavior
    Warning (13013): Ports D and ENA on the latch are fed by the same signal CurrIR[15]
Warning (13012): Latch ctl_wd[6]$latch has unsafe behavior
    Warning (13013): Ports D and ENA on the latch are fed by the same signal CurrState.Execute
Warning (13012): Latch ctl_wd[7]$latch has unsafe behavior
    Warning (13013): Ports D and ENA on the latch are fed by the same signal CurrState.Execute
Warning (13012): Latch ctl_wd[8]$latch has unsafe behavior
    Warning (13013): Ports D and ENA on the latch are fed by the same signal CurrState.Execute
Warning (13012): Latch ctl_wd[9]$latch has unsafe behavior
    Warning (13013): Ports D and ENA on the latch are fed by the same signal CurrIR[15]
Warning (13012): Latch ctl_wd[10]$latch has unsafe behavior
    Warning (13013): Ports D and ENA on the latch are fed by the same signal CurrState.Execute
Warning (13012): Latch ctl_wd[11]$latch has unsafe behavior
    Warning (13013): Ports D and ENA on the latch are fed by the same signal CurrState.Execute
Warning (13012): Latch ctl_wd[12]$latch has unsafe behavior
    Warning (13013): Ports D and ENA on the latch are fed by the same signal CurrState.Execute
Warning (13012): Latch ctl_wd[13]$latch has unsafe behavior
    Warning (13013): Ports D and ENA on the latch are fed by the same signal CurrState.Execute
Warning (13012): Latch ctl_wd[14]$latch has unsafe behavior
    Warning (13013): Ports D and ENA on the latch are fed by the same signal CurrIR[15]
Info (13000): Registers with preset signals will power-up high
Info (13003): DEV_CLRn pin will set, and not reset, register with preset signal due to NOT Gate Push-Back
Info (286030): Timing-Driven Synthesis is running
Info (17049): 8 registers lost all their fanouts during netlist optimizations.
Info (16010): Generating hard_block partition "hard_block:auto_generated_inst"
    Info (16011): Adding 0 node(s), including 0 DDIO, 0 PLL, 0 transceiver and 0 LCELL
Info (21057): Implemented 371 device resources after synthesis - the final resource count might be different
    Info (21058): Implemented 5 input pins
    Info (21059): Implemented 52 output pins
    Info (21060): Implemented 16 bidirectional pins
    Info (21061): Implemented 298 logic cells
Info: Quartus II 32-bit Analysis & Synthesis was successful. 0 errors, 32 warnings
    Info: Peak virtual memory: 371 megabytes
    Info: Processing ended: Fri Mar 13 06:34:31 2015
    Info: Elapsed time: 00:00:14
    Info: Total CPU time (on all processors): 00:00:05


