Flow report for datapath
Fri Feb 06 07:44:38 2015
Quartus II 32-bit Version 13.0.1 Build 232 06/12/2013 Service Pack 1 SJ Web Edition


---------------------
; Table of Contents ;
---------------------
  1. Legal Notice
  2. Flow Summary
  3. Flow Settings
  4. Flow Non-Default Global Settings
  5. Flow Elapsed Time
  6. Flow OS Summary
  7. Flow Log
  8. Flow Messages
  9. Flow Suppressed Messages



----------------
; Legal Notice ;
----------------
Copyright (C) 1991-2013 Altera Corporation
Your use of Altera Corporation's design tools, logic functions 
and other software and tools, and its AMPP partner logic 
functions, and any output files from any of the foregoing 
(including device programming or simulation files), and any 
associated documentation or information are expressly subject 
to the terms and conditions of the Altera Program License 
Subscription Agreement, Altera MegaCore Function License 
Agreement, or other applicable license agreement, including, 
without limitation, that your use is for the sole purpose of 
programming logic devices manufactured by Altera and sold by 
Altera or its authorized distributors.  Please refer to the 
applicable agreement for further details.



+--------------------------------------------------------------------------------------+
; Flow Summary                                                                         ;
+------------------------------------+-------------------------------------------------+
; Flow Status                        ; Successful - Fri Feb 06 07:44:38 2015           ;
; Quartus II 32-bit Version          ; 13.0.1 Build 232 06/12/2013 SP 1 SJ Web Edition ;
; Revision Name                      ; datapath                                        ;
; Top-level Entity Name              ; datapath                                        ;
; Family                             ; Cyclone IV E                                    ;
; Device                             ; EP4CE115F29C7                                   ;
; Timing Models                      ; Final                                           ;
; Total logic elements               ; 443 / 114,480 ( < 1 % )                         ;
;     Total combinational functions  ; 385 / 114,480 ( < 1 % )                         ;
;     Dedicated logic registers      ; 128 / 114,480 ( < 1 % )                         ;
; Total registers                    ; 128                                             ;
; Total pins                         ; 198 / 529 ( 37 % )                              ;
; Total virtual pins                 ; 0                                               ;
; Total memory bits                  ; 0 / 3,981,312 ( 0 % )                           ;
; Embedded Multiplier 9-bit elements ; 0 / 532 ( 0 % )                                 ;
; Total PLLs                         ; 0 / 4 ( 0 % )                                   ;
+------------------------------------+-------------------------------------------------+


+-----------------------------------------+
; Flow Settings                           ;
+-------------------+---------------------+
; Option            ; Setting             ;
+-------------------+---------------------+
; Start date & time ; 02/06/2015 07:43:15 ;
; Main task         ; Compilation         ;
; Revision Name     ; datapath            ;
+-------------------+---------------------+


+--------------------------------------------------------------------------------------------------------------------------+
; Flow Non-Default Global Settings                                                                                         ;
+--------------------------------------+----------------------------------+---------------+-------------+------------------+
; Assignment Name                      ; Value                            ; Default Value ; Entity Name ; Section Id       ;
+--------------------------------------+----------------------------------+---------------+-------------+------------------+
; COMPILER_SIGNATURE_ID                ; 9817118468729.142322659411396    ; --            ; --          ; --               ;
; EDA_DESIGN_INSTANCE_NAME             ; NA                               ; --            ; --          ; datapath_vhd_tst ;
; EDA_NATIVELINK_SIMULATION_TEST_BENCH ; datapath_vhd_tst                 ; --            ; --          ; eda_simulation   ;
; EDA_OUTPUT_DATA_FORMAT               ; Vhdl                             ; --            ; --          ; eda_simulation   ;
; EDA_RUN_TOOL_AUTOMATICALLY           ; On                               ; --            ; --          ; eda_simulation   ;
; EDA_SIMULATION_TOOL                  ; ModelSim-Altera (VHDL)           ; <None>        ; --          ; --               ;
; EDA_TEST_BENCH_ENABLE_STATUS         ; TEST_BENCH_MODE                  ; --            ; --          ; eda_simulation   ;
; EDA_TEST_BENCH_FILE                  ; simulation/modelsim/datapath.vht ; --            ; --          ; datapath_vhd_tst ;
; EDA_TEST_BENCH_MODULE_NAME           ; datapath_vhd_tst                 ; --            ; --          ; datapath_vhd_tst ;
; EDA_TEST_BENCH_NAME                  ; datapath_vhd_tst                 ; --            ; --          ; eda_simulation   ;
; MAX_CORE_JUNCTION_TEMP               ; 85                               ; --            ; --          ; --               ;
; MIN_CORE_JUNCTION_TEMP               ; 0                                ; --            ; --          ; --               ;
; NOMINAL_CORE_SUPPLY_VOLTAGE          ; 1.2V                             ; --            ; --          ; --               ;
; PARTITION_COLOR                      ; 16764057                         ; --            ; --          ; Top              ;
; PARTITION_FITTER_PRESERVATION_LEVEL  ; PLACEMENT_AND_ROUTING            ; --            ; --          ; Top              ;
; PARTITION_NETLIST_TYPE               ; SOURCE                           ; --            ; --          ; Top              ;
; PROJECT_OUTPUT_DIRECTORY             ; output_files                     ; --            ; --          ; --               ;
+--------------------------------------+----------------------------------+---------------+-------------+------------------+


+-------------------------------------------------------------------------------------------------------------------------------+
; Flow Elapsed Time                                                                                                             ;
+---------------------------+--------------+-------------------------+---------------------+------------------------------------+
; Module Name               ; Elapsed Time ; Average Processors Used ; Peak Virtual Memory ; Total CPU Time (on all processors) ;
+---------------------------+--------------+-------------------------+---------------------+------------------------------------+
; Analysis & Synthesis      ; 00:00:08     ; 1.0                     ; 379 MB              ; 00:00:07                           ;
; Fitter                    ; 00:00:43     ; 1.0                     ; 667 MB              ; 00:00:38                           ;
; Assembler                 ; 00:00:10     ; 1.0                     ; 355 MB              ; 00:00:09                           ;
; TimeQuest Timing Analyzer ; 00:00:09     ; 1.0                     ; 418 MB              ; 00:00:07                           ;
; EDA Netlist Writer        ; 00:00:04     ; 1.0                     ; 333 MB              ; 00:00:03                           ;
; Total                     ; 00:01:14     ; --                      ; --                  ; 00:01:04                           ;
+---------------------------+--------------+-------------------------+---------------------+------------------------------------+


+----------------------------------------------------------------------------------------+
; Flow OS Summary                                                                        ;
+---------------------------+------------------+-----------+------------+----------------+
; Module Name               ; Machine Hostname ; OS Name   ; OS Version ; Processor type ;
+---------------------------+------------------+-----------+------------+----------------+
; Analysis & Synthesis      ; USMANBUX62865    ; Windows 7 ; 6.1        ; i686           ;
; Fitter                    ; USMANBUX62865    ; Windows 7 ; 6.1        ; i686           ;
; Assembler                 ; USMANBUX62865    ; Windows 7 ; 6.1        ; i686           ;
; TimeQuest Timing Analyzer ; USMANBUX62865    ; Windows 7 ; 6.1        ; i686           ;
; EDA Netlist Writer        ; USMANBUX62865    ; Windows 7 ; 6.1        ; i686           ;
+---------------------------+------------------+-----------+------------+----------------+


------------
; Flow Log ;
------------
quartus_map --read_settings_files=on --write_settings_files=off datapath -c datapath
quartus_fit --read_settings_files=off --write_settings_files=off datapath -c datapath
quartus_asm --read_settings_files=off --write_settings_files=off datapath -c datapath
quartus_sta datapath -c datapath
quartus_eda --read_settings_files=off --write_settings_files=off datapath -c datapath



